[01m[K/root/ros2_ws/src/my_talker/src/talker_component.cpp:1:10:[m[K [01;31m[Kfatal error: [m[Kcomposition/talker_component.hpp: No such file or directory
    1 | #include [01;31m[K"composition/talker_component.hpp"[m[K
      |          [01;31m[K^~~~~~~~~~~~~~~~~~~~~~~~~~~~~~~~~~[m[K
compilation terminated.
gmake[2]: *** [CMakeFiles/talker_component.dir/build.make:76: CMakeFiles/talker_component.dir/src/talker_component.cpp.o] Error 1
gmake[1]: *** [CMakeFiles/Makefile2:139: CMakeFiles/talker_component.dir/all] Error 2
gmake: *** [Makefile:146: all] Error 2
