[0.013s] Invoking command in '/root/ros2_ws/src/build/my_talker': CMAKE_PREFIX_PATH=/opt/ros/humble /usr/bin/cmake --build /root/ros2_ws/src/build/my_talker -- -j2 -l2
[0.031s] -- Found ament_cmake: 1.3.3 (/opt/ros/humble/share/ament_cmake/cmake)
[0.150s] -- Found rclcpp: 16.0.3 (/opt/ros/humble/share/rclcpp/cmake)
[0.180s] -- Found rosidl_generator_c: 3.1.4 (/opt/ros/humble/share/rosidl_generator_c/cmake)
[0.184s] -- Found rosidl_adapter: 3.1.4 (/opt/ros/humble/share/rosidl_adapter/cmake)
[0.194s] -- Found rosidl_generator_cpp: 3.1.4 (/opt/ros/humble/share/rosidl_generator_cpp/cmake)
[0.209s] -- Using all available rosidl_typesupport_c: rosidl_typesupport_fastrtps_c;rosidl_typesupport_introspection_c
[0.225s] -- Using all available rosidl_typesupport_cpp: rosidl_typesupport_fastrtps_cpp;rosidl_typesupport_introspection_cpp
[0.317s] -- Found rmw_implementation_cmake: 6.1.1 (/opt/ros/humble/share/rmw_implementation_cmake/cmake)
[0.319s] -- Found rmw_fastrtps_cpp: 6.2.2 (/opt/ros/humble/share/rmw_fastrtps_cpp/cmake)
[0.446s] -- Using RMW implementation 'rmw_fastrtps_cpp' as default
[0.596s] -- Found rclcpp_components: 16.0.3 (/opt/ros/humble/share/rclcpp_components/cmake)
[0.711s] -- Configuring done
[0.721s] -- Generating done
[0.724s] -- Build files have been written to: /root/ros2_ws/src/build/my_talker
[0.753s] [ 25%] [32mBuilding CXX object CMakeFiles/talker_component.dir/src/talker_component.cpp.o[0m
[0.761s] [01m[K/root/ros2_ws/src/my_talker/src/talker_component.cpp:1:10:[m[K [01;31m[Kfatal error: [m[Kcomposition/talker_component.hpp: No such file or directory
[0.761s]     1 | #include [01;31m[K"composition/talker_component.hpp"[m[K
[0.761s]       |          [01;31m[K^~~~~~~~~~~~~~~~~~~~~~~~~~~~~~~~~~[m[K
[0.761s] compilation terminated.
[0.762s] gmake[2]: *** [CMakeFiles/talker_component.dir/build.make:76: CMakeFiles/talker_component.dir/src/talker_component.cpp.o] Error 1
[0.762s] gmake[1]: *** [CMakeFiles/Makefile2:139: CMakeFiles/talker_component.dir/all] Error 2
[0.763s] gmake: *** [Makefile:146: all] Error 2
[0.764s] Invoked command in '/root/ros2_ws/src/build/my_talker' returned '2': CMAKE_PREFIX_PATH=/opt/ros/humble /usr/bin/cmake --build /root/ros2_ws/src/build/my_talker -- -j2 -l2
