[0.012s] Invoking command in '/root/ros2_ws/src/cpp_srvcli/build/cpp_srvcli': CMAKE_PREFIX_PATH=${CMAKE_PREFIX_PATH}:/root/ros2_ws/install/python_parameters:/root/ros2_ws/install/py_srvcli:/root/ros2_ws/install/my_py_package:/root/ros2_ws/install/launch_testing_examples:/root/ros2_ws/install/examples_rclpy_pointcloud_publisher:/root/ros2_ws/install/examples_rclpy_minimal_subscriber:/root/ros2_ws/install/examples_rclpy_minimal_service:/root/ros2_ws/install/examples_rclpy_minimal_publisher:/root/ros2_ws/install/examples_rclpy_minimal_client:/root/ros2_ws/install/examples_rclpy_minimal_action_server:/root/ros2_ws/install/examples_rclpy_minimal_action_client:/root/ros2_ws/install/examples_rclpy_guard_conditions:/root/ros2_ws/install/examples_rclpy_executors:/root/ros2_ws/install/alicesim:/opt/ros/humble /usr/bin/cmake /root/ros2_ws/src/cpp_srvcli -DCMAKE_INSTALL_PREFIX=/root/ros2_ws/src/cpp_srvcli/install/cpp_srvcli
[0.058s] -- The C compiler identification is GNU 11.3.0
[0.100s] -- The CXX compiler identification is GNU 11.3.0
[0.106s] -- Detecting C compiler ABI info
[0.156s] -- Detecting C compiler ABI info - done
[0.161s] -- Check for working C compiler: /usr/bin/cc - skipped
[0.161s] -- Detecting C compile features
[0.162s] -- Detecting C compile features - done
[0.164s] -- Detecting CXX compiler ABI info
[0.222s] -- Detecting CXX compiler ABI info - done
[0.227s] -- Check for working CXX compiler: /usr/bin/c++ - skipped
[0.227s] -- Detecting CXX compile features
[0.228s] -- Detecting CXX compile features - done
[0.234s] -- Found ament_cmake: 1.3.3 (/opt/ros/humble/share/ament_cmake/cmake)
[0.381s] -- Found Python3: /usr/bin/python3.10 (found version "3.10.6") found components: Interpreter 
[0.484s] -- Found rclcpp: 16.0.3 (/opt/ros/humble/share/rclcpp/cmake)
[0.542s] -- Found rosidl_generator_c: 3.1.4 (/opt/ros/humble/share/rosidl_generator_c/cmake)
[0.549s] -- Found rosidl_adapter: 3.1.4 (/opt/ros/humble/share/rosidl_adapter/cmake)
[0.559s] -- Found rosidl_generator_cpp: 3.1.4 (/opt/ros/humble/share/rosidl_generator_cpp/cmake)
[0.575s] -- Using all available rosidl_typesupport_c: rosidl_typesupport_fastrtps_c;rosidl_typesupport_introspection_c
[0.595s] -- Using all available rosidl_typesupport_cpp: rosidl_typesupport_fastrtps_cpp;rosidl_typesupport_introspection_cpp
[0.661s] -- Found rmw_implementation_cmake: 6.1.1 (/opt/ros/humble/share/rmw_implementation_cmake/cmake)
[0.666s] -- Found rmw_fastrtps_cpp: 6.2.2 (/opt/ros/humble/share/rmw_fastrtps_cpp/cmake)
[0.747s] -- Found OpenSSL: /usr/lib/x86_64-linux-gnu/libcrypto.so (found version "3.0.2")  
[0.765s] -- Found FastRTPS: /opt/ros/humble/include  
[0.801s] -- Using RMW implementation 'rmw_fastrtps_cpp' as default
[0.813s] -- Looking for pthread.h
[0.864s] -- Looking for pthread.h - found
[0.864s] -- Performing Test CMAKE_HAVE_LIBC_PTHREAD
[0.915s] -- Performing Test CMAKE_HAVE_LIBC_PTHREAD - Success
[0.916s] -- Found Threads: TRUE  
[1.040s] -- Found tutorial_interfaces: 0.0.0 (/root/ros2_ws/install/tutorial_interfaces/share/tutorial_interfaces/cmake)
[1.132s] -- Found ament_lint_auto: 0.12.5 (/opt/ros/humble/share/ament_lint_auto/cmake)
[1.206s] -- Added test 'cppcheck' to perform static code analysis on C / C++ code
[1.206s] -- Configured cppcheck include dirs: 
[1.206s] -- Configured cppcheck exclude dirs and/or files: 
[1.208s] -- Added test 'lint_cmake' to check CMake code style
[1.211s] -- Added test 'uncrustify' to check C / C++ code style
[1.211s] -- Configured uncrustify additional arguments: 
[1.212s] -- Added test 'xmllint' to check XML markup files
[1.214s] -- Configuring done
[1.223s] -- Generating done
[1.225s] -- Build files have been written to: /root/ros2_ws/src/cpp_srvcli/build/cpp_srvcli
[1.232s] Invoked command in '/root/ros2_ws/src/cpp_srvcli/build/cpp_srvcli' returned '0': CMAKE_PREFIX_PATH=${CMAKE_PREFIX_PATH}:/root/ros2_ws/install/python_parameters:/root/ros2_ws/install/py_srvcli:/root/ros2_ws/install/my_py_package:/root/ros2_ws/install/launch_testing_examples:/root/ros2_ws/install/examples_rclpy_pointcloud_publisher:/root/ros2_ws/install/examples_rclpy_minimal_subscriber:/root/ros2_ws/install/examples_rclpy_minimal_service:/root/ros2_ws/install/examples_rclpy_minimal_publisher:/root/ros2_ws/install/examples_rclpy_minimal_client:/root/ros2_ws/install/examples_rclpy_minimal_action_server:/root/ros2_ws/install/examples_rclpy_minimal_action_client:/root/ros2_ws/install/examples_rclpy_guard_conditions:/root/ros2_ws/install/examples_rclpy_executors:/root/ros2_ws/install/alicesim:/opt/ros/humble /usr/bin/cmake /root/ros2_ws/src/cpp_srvcli -DCMAKE_INSTALL_PREFIX=/root/ros2_ws/src/cpp_srvcli/install/cpp_srvcli
[1.234s] Invoking command in '/root/ros2_ws/src/cpp_srvcli/build/cpp_srvcli': CMAKE_PREFIX_PATH=${CMAKE_PREFIX_PATH}:/root/ros2_ws/install/python_parameters:/root/ros2_ws/install/py_srvcli:/root/ros2_ws/install/my_py_package:/root/ros2_ws/install/launch_testing_examples:/root/ros2_ws/install/examples_rclpy_pointcloud_publisher:/root/ros2_ws/install/examples_rclpy_minimal_subscriber:/root/ros2_ws/install/examples_rclpy_minimal_service:/root/ros2_ws/install/examples_rclpy_minimal_publisher:/root/ros2_ws/install/examples_rclpy_minimal_client:/root/ros2_ws/install/examples_rclpy_minimal_action_server:/root/ros2_ws/install/examples_rclpy_minimal_action_client:/root/ros2_ws/install/examples_rclpy_guard_conditions:/root/ros2_ws/install/examples_rclpy_executors:/root/ros2_ws/install/alicesim:/opt/ros/humble /usr/bin/cmake --build /root/ros2_ws/src/cpp_srvcli/build/cpp_srvcli -- -j2 -l2
[1.278s] [ 50%] [32mBuilding CXX object CMakeFiles/server.dir/src/st_len_server.cpp.o[0m
[1.278s] [ 50%] [32mBuilding CXX object CMakeFiles/client.dir/src/st_len_client.cpp.o[0m
[3.550s] In file included from [01m[K/opt/ros/humble/include/rclcpp/rclcpp/logging.hpp:24[m[K,
[3.550s]                  from [01m[K/opt/ros/humble/include/rclcpp/rclcpp/client.hpp:40[m[K,
[3.550s]                  from [01m[K/opt/ros/humble/include/rclcpp/rclcpp/callback_group.hpp:24[m[K,
[3.550s]                  from [01m[K/opt/ros/humble/include/rclcpp/rclcpp/any_executable.hpp:20[m[K,
[3.551s]                  from [01m[K/opt/ros/humble/include/rclcpp/rclcpp/memory_strategy.hpp:25[m[K,
[3.551s]                  from [01m[K/opt/ros/humble/include/rclcpp/rclcpp/memory_strategies.hpp:18[m[K,
[3.551s]                  from [01m[K/opt/ros/humble/include/rclcpp/rclcpp/executor_options.hpp:20[m[K,
[3.551s]                  from [01m[K/opt/ros/humble/include/rclcpp/rclcpp/executor.hpp:37[m[K,
[3.551s]                  from [01m[K/opt/ros/humble/include/rclcpp/rclcpp/executors/multi_threaded_executor.hpp:25[m[K,
[3.551s]                  from [01m[K/opt/ros/humble/include/rclcpp/rclcpp/executors.hpp:21[m[K,
[3.551s]                  from [01m[K/opt/ros/humble/include/rclcpp/rclcpp/rclcpp.hpp:155[m[K,
[3.551s]                  from [01m[K/root/ros2_ws/src/cpp_srvcli/src/st_len_server.cpp:1[m[K:
[3.551s] [01m[K/root/ros2_ws/src/cpp_srvcli/src/st_len_server.cpp:[m[K In function â€˜[01m[Kvoid add(std::shared_ptr<tutorial_interfaces::srv::StLen_Request_<std::allocator<void> > >, std::shared_ptr<tutorial_interfaces::srv::StLen_Response_<std::allocator<void> > >)[m[Kâ€™:
[3.551s] [01m[K/root/ros2_ws/src/cpp_srvcli/src/st_len_server.cpp:11:45:[m[K [01;35m[Kwarning: [m[Kformat â€˜[01m[K%ld[m[Kâ€™ expects argument of type â€˜[01m[Klong int[m[Kâ€™, but argument 5 has type â€˜[01m[Ktutorial_interfaces::srv::StLen_Request_<std::allocator<void> >::_a_type[m[Kâ€™ {aka â€˜[01m[Kstd::__cxx11::basic_string<char>[m[Kâ€™} [[01;35m[K-Wformat=[m[K]
[3.551s]    11 |   RCLCPP_INFO(rclcpp::get_logger("rclcpp"), [01;35m[K"Incoming request\na: %ld" " b: %ld"[m[K,  // CHANGE
[3.551s]       |                                             [01;35m[K^~~~~~~~~~~~~~~~~~~~~~~~~~~~~~~~~~~~[m[K
[3.551s] [01m[K/root/ros2_ws/src/cpp_srvcli/src/st_len_server.cpp:11:69:[m[K [01;36m[Knote: [m[Kformat string is defined here
[3.551s]    11 |   RCLCPP_INFO(rclcpp::get_logger("rclcpp"), "Incoming request\na: [01;36m[K%ld[m[K" " b: %ld",  // CHANGE
[3.551s]       |                                                                   [01;36m[K~~^[m[K
[3.552s]       |                                                                     [01;36m[K|[m[K
[3.552s]       |                                                                     [01;36m[Klong int[m[K
[3.552s] [01m[K/root/ros2_ws/src/cpp_srvcli/src/st_len_server.cpp:[m[K In function â€˜[01m[Kint main(int, char**)[m[Kâ€™:
[3.552s] [01m[K/root/ros2_ws/src/cpp_srvcli/src/st_len_server.cpp:22:45:[m[K [01;31m[Kerror: [m[Kâ€˜[01m[KAddThreeInts[m[Kâ€™ is not a member of â€˜[01m[Ktutorial_interfaces::srv[m[Kâ€™
[3.552s]    22 |   rclcpp::Service<tutorial_interfaces::srv::[01;31m[KAddThreeInts[m[K>::SharedPtr service =               // CHANGE
[3.552s]       |                                             [01;31m[K^~~~~~~~~~~~[m[K
[3.552s] [01m[K/root/ros2_ws/src/cpp_srvcli/src/st_len_server.cpp:22:57:[m[K [01;31m[Kerror: [m[Ktemplate argument 1 is invalid
[3.552s]    22 |   rclcpp::Service<tutorial_interfaces::srv::AddThreeInts[01;31m[K>[m[K::SharedPtr service =               // CHANGE
[3.552s]       |                                                         [01;31m[K^[m[K
[3.553s] [01m[K/root/ros2_ws/src/cpp_srvcli/src/st_len_server.cpp:22:70:[m[K [01;31m[Kerror: [m[Kexpected initializer before â€˜[01m[Kservice[m[Kâ€™
[3.553s]    22 |   rclcpp::Service<tutorial_interfaces::srv::AddThreeInts>::SharedPtr [01;31m[Kservice[m[K =               // CHANGE
[3.553s]       |                                                                      [01;31m[K^~~~~~~[m[K
[4.029s] gmake[2]: *** [CMakeFiles/server.dir/build.make:76: CMakeFiles/server.dir/src/st_len_server.cpp.o] Error 1
[4.029s] gmake[1]: *** [CMakeFiles/Makefile2:139: CMakeFiles/server.dir/all] Error 2
[4.029s] gmake[1]: *** Waiting for unfinished jobs....
[4.645s] [ 75%] [32m[1mLinking CXX executable client[0m
[4.751s] [ 75%] Built target client
[4.752s] gmake: *** [Makefile:146: all] Error 2
[4.755s] Invoked command in '/root/ros2_ws/src/cpp_srvcli/build/cpp_srvcli' returned '2': CMAKE_PREFIX_PATH=${CMAKE_PREFIX_PATH}:/root/ros2_ws/install/python_parameters:/root/ros2_ws/install/py_srvcli:/root/ros2_ws/install/my_py_package:/root/ros2_ws/install/launch_testing_examples:/root/ros2_ws/install/examples_rclpy_pointcloud_publisher:/root/ros2_ws/install/examples_rclpy_minimal_subscriber:/root/ros2_ws/install/examples_rclpy_minimal_service:/root/ros2_ws/install/examples_rclpy_minimal_publisher:/root/ros2_ws/install/examples_rclpy_minimal_client:/root/ros2_ws/install/examples_rclpy_minimal_action_server:/root/ros2_ws/install/examples_rclpy_minimal_action_client:/root/ros2_ws/install/examples_rclpy_guard_conditions:/root/ros2_ws/install/examples_rclpy_executors:/root/ros2_ws/install/alicesim:/opt/ros/humble /usr/bin/cmake --build /root/ros2_ws/src/cpp_srvcli/build/cpp_srvcli -- -j2 -l2
