[0.533s] Traceback (most recent call last):
  File "/usr/lib/python3/dist-packages/colcon_parallel_executor/executor/parallel.py", line 67, in execute
    loop.run_until_complete(future)
  File "/usr/lib/python3.10/asyncio/base_events.py", line 633, in run_until_complete
    self.run_forever()
  File "/usr/lib/python3.10/asyncio/base_events.py", line 600, in run_forever
    self._run_once()
  File "/usr/lib/python3.10/asyncio/base_events.py", line 1860, in _run_once
    event_list = self._selector.select(timeout)
  File "/usr/lib/python3.10/selectors.py", line 469, in select
    fd_event_list = self._selector.poll(timeout, max_ev)
KeyboardInterrupt

During handling of the above exception, another exception occurred:

Traceback (most recent call last):
  File "/usr/lib/python3/dist-packages/colcon_core/executor/__init__.py", line 91, in __call__
    rc = await self.task(*args, **kwargs)
  File "/usr/lib/python3/dist-packages/colcon_core/task/__init__.py", line 93, in __call__
    return await task_method(*args, **kwargs)
  File "/usr/lib/python3/dist-packages/colcon_ros/task/ament_python/build.py", line 105, in build
    return await extension.build(additional_hooks=additional_hooks)
  File "/usr/lib/python3/dist-packages/colcon_core/task/python/build.py", line 81, in build
    available_commands = await self._get_available_commands(
  File "/usr/lib/python3/dist-packages/colcon_core/task/python/build.py", line 171, in _get_available_commands
    output = await check_output(
  File "/usr/lib/python3/dist-packages/colcon_core/subprocess.py", line 128, in check_output
    assert not rc, f'Expected {args} to pass: {stderr_data}'
AssertionError: Expected ['/usr/bin/python3', 'setup.py', '--help-commands'] to pass: Traceback (most recent call last):
  File "/root/ros2_ws/src/gz_ros2_laserscan/setup.py", line 3, in <module>
    from setuptools import setup
  File "/usr/lib/python3/dist-packages/setuptools/__init__.py", line 16, in <module>
    import setuptools.version
  File "/usr/lib/python3/dist-packages/setuptools/version.py", line 1, in <module>
    import pkg_resources
  File "/usr/lib/python3/dist-packages/pkg_resources/__init__.py", line 77, in <module>
    __import__('pkg_resources.extern.packaging.specifiers')
  File "/usr/lib/python3/dist-packages/pkg_resources/_vendor/packaging/specifiers.py", line 317, in <module>
    class Specifier(_IndividualSpecifier):
  File "/usr/lib/python3/dist-packages/pkg_resources/_vendor/packaging/specifiers.py", line 412, in Specifier
    _regex = re.compile(r"^\s*" + _regex_str + r"\s*$", re.VERBOSE | re.IGNORECASE)
  File "/usr/lib/python3.10/re.py", line 251, in compile
    return _compile(pattern, flags)
  File "/usr/lib/python3.10/re.py", line 303, in _compile
    p = sre_compile.compile(pattern, flags)
  File "/usr/lib/python3.10/sre_compile.py", line 792, in compile
    code = _code(p, flags)
  File "/usr/lib/python3.10/sre_compile.py", line 631, in _code
    _compile(code, p.data, flags)
  File "/usr/lib/python3.10/sre_compile.py", line 184, in _compile
    _compile(code, p, _combine_flags(flags, add_flags, del_flags))
  File "/usr/lib/python3.10/sre_compile.py", line 225, in _compile
    _compile(code, av, flags)
  File "/usr/lib/python3.10/sre_compile.py", line 172, in _compile
    _compile(code, av[2], flags)
  File "/usr/lib/python3.10/sre_compile.py", line 164, in _compile
    _compile(code, av[2], flags)
  File "/usr/lib/python3.10/sre_compile.py", line 136, in _compile
    charset, hascased = _optimize_charset(av, iscased, tolower, fixes)
  File "/usr/lib/python3.10/sre_compile.py", line 376, in _optimize_charset
    out.append((LITERAL, p))
KeyboardInterrupt

