[0.000000] (-) TimerEvent: {}
[0.001091] (gz_ros2_laserscan) JobQueued: {'identifier': 'gz_ros2_laserscan', 'dependencies': OrderedDict()}
[0.001166] (gz_ros2_laserscan) JobStarted: {'identifier': 'gz_ros2_laserscan'}
[0.088930] (-) TimerEvent: {}
[0.189711] (-) TimerEvent: {}
[0.290419] (-) TimerEvent: {}
[0.391795] (-) TimerEvent: {}
[0.493582] (-) TimerEvent: {}
[0.533680] (gz_ros2_laserscan) StderrLine: {'line': b'Traceback (most recent call last):\n  File "/usr/lib/python3/dist-packages/colcon_parallel_executor/executor/parallel.py", line 67, in execute\n    loop.run_until_complete(future)\n  File "/usr/lib/python3.10/asyncio/base_events.py", line 633, in run_until_complete\n    self.run_forever()\n  File "/usr/lib/python3.10/asyncio/base_events.py", line 600, in run_forever\n    self._run_once()\n  File "/usr/lib/python3.10/asyncio/base_events.py", line 1860, in _run_once\n    event_list = self._selector.select(timeout)\n  File "/usr/lib/python3.10/selectors.py", line 469, in select\n    fd_event_list = self._selector.poll(timeout, max_ev)\nKeyboardInterrupt\n\nDuring handling of the above exception, another exception occurred:\n\nTraceback (most recent call last):\n  File "/usr/lib/python3/dist-packages/colcon_core/executor/__init__.py", line 91, in __call__\n    rc = await self.task(*args, **kwargs)\n  File "/usr/lib/python3/dist-packages/colcon_core/task/__init__.py", line 93, in __call__\n    return await task_method(*args, **kwargs)\n  File "/usr/lib/python3/dist-packages/colcon_ros/task/ament_python/build.py", line 105, in build\n    return await extension.build(additional_hooks=additional_hooks)\n  File "/usr/lib/python3/dist-packages/colcon_core/task/python/build.py", line 81, in build\n    available_commands = await self._get_available_commands(\n  File "/usr/lib/python3/dist-packages/colcon_core/task/python/build.py", line 171, in _get_available_commands\n    output = await check_output(\n  File "/usr/lib/python3/dist-packages/colcon_core/subprocess.py", line 128, in check_output\n    assert not rc, f\'Expected {args} to pass: {stderr_data}\'\nAssertionError: Expected [\'/usr/bin/python3\', \'setup.py\', \'--help-commands\'] to pass: Traceback (most recent call last):\n  File "/root/ros2_ws/src/gz_ros2_laserscan/setup.py", line 3, in <module>\n    from setuptools import setup\n  File "/usr/lib/python3/dist-packages/setuptools/__init__.py", line 16, in <module>\n    import setuptools.version\n  File "/usr/lib/python3/dist-packages/setuptools/version.py", line 1, in <module>\n    import pkg_resources\n  File "/usr/lib/python3/dist-packages/pkg_resources/__init__.py", line 77, in <module>\n    __import__(\'pkg_resources.extern.packaging.specifiers\')\n  File "/usr/lib/python3/dist-packages/pkg_resources/_vendor/packaging/specifiers.py", line 317, in <module>\n    class Specifier(_IndividualSpecifier):\n  File "/usr/lib/python3/dist-packages/pkg_resources/_vendor/packaging/specifiers.py", line 412, in Specifier\n    _regex = re.compile(r"^\\s*" + _regex_str + r"\\s*$", re.VERBOSE | re.IGNORECASE)\n  File "/usr/lib/python3.10/re.py", line 251, in compile\n    return _compile(pattern, flags)\n  File "/usr/lib/python3.10/re.py", line 303, in _compile\n    p = sre_compile.compile(pattern, flags)\n  File "/usr/lib/python3.10/sre_compile.py", line 792, in compile\n    code = _code(p, flags)\n  File "/usr/lib/python3.10/sre_compile.py", line 631, in _code\n    _compile(code, p.data, flags)\n  File "/usr/lib/python3.10/sre_compile.py", line 184, in _compile\n    _compile(code, p, _combine_flags(flags, add_flags, del_flags))\n  File "/usr/lib/python3.10/sre_compile.py", line 225, in _compile\n    _compile(code, av, flags)\n  File "/usr/lib/python3.10/sre_compile.py", line 172, in _compile\n    _compile(code, av[2], flags)\n  File "/usr/lib/python3.10/sre_compile.py", line 164, in _compile\n    _compile(code, av[2], flags)\n  File "/usr/lib/python3.10/sre_compile.py", line 136, in _compile\n    charset, hascased = _optimize_charset(av, iscased, tolower, fixes)\n  File "/usr/lib/python3.10/sre_compile.py", line 376, in _optimize_charset\n    out.append((LITERAL, p))\nKeyboardInterrupt\n\n'}
[0.534084] (gz_ros2_laserscan) JobEnded: {'identifier': 'gz_ros2_laserscan', 'rc': 'SIGINT'}
[0.544703] (-) EventReactorShutdown: {}
